#
# There is insufficient memory for the Java Runtime Environment to continue.
# Native memory allocation (malloc) failed to allocate 1048576 bytes for AllocateHeap
# Possible reasons:
#   The system is out of physical RAM or swap space
#   The process is running with CompressedOops enabled, and the Java Heap may be blocking the growth of the native heap
# Possible solutions:
#   Reduce memory load on the system
#   Increase physical memory or swap space
#   Check if swap backing store is full
#   Decrease Java heap size (-Xmx/-Xms)
#   Decrease number of Java threads
#   Decrease Java thread stack sizes (-Xss)
#   Set larger code cache with -XX:ReservedCodeCacheSize=
#   JVM is running with Zero Based Compressed Oops mode in which the Java heap is
#     placed in the first 32GB address space. The Java Heap base address is the
#     maximum limit for the native heap growth. Please use -XX:HeapBaseMinAddress
#     to set the Java Heap base and to place the Java Heap above 32GB virtual address.
# This output file may be truncated or incomplete.
#
#  Out of Memory Error (memory/allocation.inline.hpp:61), pid=14308, tid=0x000000000000608c
#
# JRE version:  (8.0_201-b09) (build )
# Java VM: Java HotSpot(TM) 64-Bit Server VM (25.201-b09 mixed mode windows-amd64 compressed oops)
# Failed to write core dump. Minidumps are not enabled by default on client versions of Windows
#

---------------  T H R E A D  ---------------

Current thread (0x000000000315e800):  JavaThread "Unknown thread" [_thread_in_vm, id=24716, stack(0x0000000003020000,0x0000000003120000)]

Stack: [0x0000000003020000,0x0000000003120000]
[error occurred during error reporting (printing stack bounds), id 0xc0000005]

Native frames: (J=compiled Java code, j=interpreted, Vv=VM code, C=native code)


---------------  P R O C E S S  ---------------

Java Threads: ( => current thread )

Other Threads:

=>0x000000000315e800 (exited) JavaThread "Unknown thread" [_thread_in_vm, id=24716, stack(0x0000000003020000,0x0000000003120000)]

VM state:not at safepoint (normal execution)

VM Mutex/Monitor currently owned by a thread: None

heap address: 0x0000000701a00000, size: 3046 MB, Compressed Oops mode: Zero based, Oop shift amount: 3
Narrow klass base: 0x0000000000000000, Narrow klass shift: 3
Compressed class space size: 1073741824 Address: 0x00000007c0000000

Heap:
 PSYoungGen      total 57344K, used 983K [0x0000000780900000, 0x0000000784900000, 0x00000007c0000000)
  eden space 49152K, 2% used [0x0000000780900000,0x00000007809f5c38,0x0000000783900000)
  from space 8192K, 0% used [0x0000000784100000,0x0000000784100000,0x0000000784900000)
  to   space 8192K, 0% used [0x0000000783900000,0x0000000783900000,0x0000000784100000)
 ParOldGen       total 131072K, used 0K [0x0000000701a00000, 0x0000000709a00000, 0x0000000780900000)
  object space 131072K, 0% used [0x0000000701a00000,0x0000000701a00000,0x0000000709a00000)
 Metaspace       used 751K, capacity 4480K, committed 4480K, reserved 1056768K
  class space    used 76K, capacity 384K, committed 384K, reserved 1048576K

Card table byte_map: [0x0000000012620000,0x0000000012c20000] byte_map_base: 0x000000000ee13000

Marking Bits: (ParMarkBitMap*) 0x0000000071194ce0
 Begin Bits: [0x0000000013420000, 0x00000000163b8000)
 End Bits:   [0x00000000163b8000, 0x0000000019350000)

Polling page: 0x0000000000ff0000

CodeCache: size=245760Kb used=328Kb max_used=328Kb free=245431Kb
 bounds [0x0000000003260000, 0x00000000034d0000, 0x0000000012260000]
 total_blobs=58 nmethods=0 adapters=38
 compilation: enabled

Compilation events (0 events):
No events

GC Heap History (0 events):
No events

Deoptimization events (0 events):
No events

Classes redefined (0 events):
No events

Internal exceptions (0 events):
No events

Events (10 events):
Event: 0.033 loading class java/lang/Short
Event: 0.033 loading class java/lang/Short done
Event: 0.033 loading class java/lang/Integer
Event: 0.033 loading class java/lang/Integer done
Event: 0.033 loading class java/lang/Long
Event: 0.033 loading class java/lang/Long done
Event: 0.033 loading class java/lang/NullPointerException
Event: 0.034 loading class java/lang/NullPointerException done
Event: 0.034 loading class java/lang/ArithmeticException
Event: 0.034 loading class java/lang/ArithmeticException done


Dynamic libraries:
0x00007ff7a69d0000 - 0x00007ff7a6a07000 	C:\Program Files\Java\jre1.8.0_201\bin\javaw.exe
0x00007ffe7bc40000 - 0x00007ffe7be2d000 	C:\WINDOWS\SYSTEM32\ntdll.dll
0x00007ffe78f10000 - 0x00007ffe78fc3000 	C:\WINDOWS\System32\KERNEL32.DLL
0x00007ffe77d10000 - 0x00007ffe77fa3000 	C:\WINDOWS\System32\KERNELBASE.dll
0x00007ffe7bb60000 - 0x00007ffe7bc03000 	C:\WINDOWS\System32\ADVAPI32.dll
0x00007ffe7bac0000 - 0x00007ffe7bb5e000 	C:\WINDOWS\System32\msvcrt.dll
0x00007ffe78e70000 - 0x00007ffe78f0e000 	C:\WINDOWS\System32\sechost.dll
0x00007ffe78fd0000 - 0x00007ffe790f2000 	C:\WINDOWS\System32\RPCRT4.dll
0x00007ffe7b1a0000 - 0x00007ffe7b337000 	C:\WINDOWS\System32\USER32.dll
0x00007ffe78e50000 - 0x00007ffe78e70000 	C:\WINDOWS\System32\win32u.dll
0x00007ffe79a10000 - 0x00007ffe79a39000 	C:\WINDOWS\System32\GDI32.dll
0x00007ffe78cb0000 - 0x00007ffe78e4a000 	C:\WINDOWS\System32\gdi32full.dll
0x00007ffe77fb0000 - 0x00007ffe78050000 	C:\WINDOWS\System32\msvcp_win.dll
0x00007ffe787d0000 - 0x00007ffe788ca000 	C:\WINDOWS\System32\ucrtbase.dll
0x00007ffe67d10000 - 0x00007ffe67f89000 	C:\WINDOWS\WinSxS\amd64_microsoft.windows.common-controls_6595b64144ccf1df_6.0.17763.379_none_05b83be8071c94a1\COMCTL32.dll
0x00007ffe79130000 - 0x00007ffe7945d000 	C:\WINDOWS\System32\combase.dll
0x00007ffe78b80000 - 0x00007ffe78bfe000 	C:\WINDOWS\System32\bcryptPrimitives.dll
0x00007ffe79100000 - 0x00007ffe7912e000 	C:\WINDOWS\System32\IMM32.DLL
0x0000000070700000 - 0x00000000707d1000 	C:\Program Files\Java\jre1.8.0_201\bin\msvcr100.dll
0x0000000070970000 - 0x0000000071214000 	C:\Program Files\Java\jre1.8.0_201\bin\server\jvm.dll
0x00007ffe7b660000 - 0x00007ffe7b668000 	C:\WINDOWS\System32\PSAPI.DLL
0x00007ffe757b0000 - 0x00007ffe757d4000 	C:\WINDOWS\SYSTEM32\WINMM.dll
0x00007ffe76800000 - 0x00007ffe76809000 	C:\WINDOWS\SYSTEM32\WSOCK32.dll
0x00007ffe68b10000 - 0x00007ffe68b1a000 	C:\WINDOWS\SYSTEM32\VERSION.dll
0x00007ffe7ba50000 - 0x00007ffe7babd000 	C:\WINDOWS\System32\WS2_32.dll
0x00007ffe75690000 - 0x00007ffe756bd000 	C:\WINDOWS\SYSTEM32\winmmbase.dll
0x00007ffe78ad0000 - 0x00007ffe78b1a000 	C:\WINDOWS\System32\cfgmgr32.dll
0x00007ffe6e620000 - 0x00007ffe6e62f000 	C:\Program Files\Java\jre1.8.0_201\bin\verify.dll
0x00007ffe6dc60000 - 0x00007ffe6dc89000 	C:\Program Files\Java\jre1.8.0_201\bin\java.dll
0x00007ffe6bcc0000 - 0x00007ffe6bcd6000 	C:\Program Files\Java\jre1.8.0_201\bin\zip.dll

VM Arguments:
jvm_args: -Dfile.encoding=Cp1252 
java_command: IHM.testGraphes
java_class_path (initial): C:\Users\Mohamed SERHIR\Documents\GitHub\PJ-Graphes\bin
Launcher Type: SUN_STANDARD

Environment Variables:
PATH=C:/Program Files/Java/jre1.8.0_201/bin/server;C:/Program Files/Java/jre1.8.0_201/bin;C:/Program Files/Java/jre1.8.0_201/lib/amd64;C:\Program Files (x86)\Common Files\Oracle\Java\javapath;C:\Program Files (x86)\Intel\iCLS Client\;C:\Program Files\Intel\iCLS Client\;C:\WINDOWS\system32;C:\WINDOWS;C:\WINDOWS\System32\Wbem;C:\WINDOWS\System32\WindowsPowerShell\v1.0\;C:\Program Files (x86)\Intel\Intel(R) Management Engine Components\DAL;C:\Program Files\Intel\Intel(R) Management Engine Components\DAL;C:\Program Files (x86)\Intel\Intel(R) Management Engine Components\IPT;C:\Program Files\Intel\Intel(R) Management Engine Components\IPT;C:\WINDOWS\System32\OpenSSH\;C:\Program Files\Intel\WiFi\bin\;C:\Program Files\Common Files\Intel\WirelessCommon\;C:\Program Files\Git\cmd;C:\Program Files\PuTTY\;C:\Program Files\Java\jdk-11.0.2\bin;C:\Program Files\MATLAB\R2017b\runtime\win64;C:\Program Files\MATLAB\R2017b\bin;C:\Users\Mohamed SERHIR\AppData\Local\Microsoft\WindowsApps;C:\Program Files\Intel\WiFi\bin\;C:\Program Files\Common Files\Intel\WirelessCommon\;C:\Users\Mohamed SERHIR\AppData\Local\Programs\Microsoft VS Code\bin;C:\Users\Mohamed SERHIR\AppData\Local\GitHubDesktop\bin;C:\WINDOWS\system32;
USERNAME=Mohamed SERHIR
OS=Windows_NT
PROCESSOR_IDENTIFIER=Intel64 Family 6 Model 78 Stepping 3, GenuineIntel



---------------  S Y S T E M  ---------------

OS: Windows 10.0 , 64 bit Build 17763 (10.0.17763.379)

CPU:total 4 (initial active 4) (2 cores per cpu, 2 threads per core) family 6 model 78 stepping 3, cmov, cx8, fxsr, mmx, sse, sse2, sse3, ssse3, sse4.1, sse4.2, popcnt, avx, avx2, aes, clmul, erms, rtm, 3dnowpref, lzcnt, ht, tsc, tscinvbit, bmi1, bmi2, adx

Memory: 4k page, physical 12475980k(6254928k free), swap 27922708k(5812k free)

vm_info: Java HotSpot(TM) 64-Bit Server VM (25.201-b09) for windows-amd64 JRE (1.8.0_201-b09), built on Dec 15 2018 18:36:39 by "java_re" with MS VC++ 10.0 (VS2010)

time: Sun Apr 07 23:11:44 2019
timezone: Paris, Madrid (heure d’été)
elapsed time: 0 seconds (0d 0h 0m 0s)

